0 info it worked if it ends with ok
1 verbose cli [ '/usr/bin/node', '/usr/bin/npm', 'install' ]
2 info using npm@3.5.2
3 info using node@v8.10.0
4 silly loadCurrentTree Starting
5 silly install loadCurrentTree
6 silly install readLocalPackageData
7 silly install normalizeTree
8 silly loadCurrentTree Finishing
9 silly loadIdealTree Starting
10 silly install loadIdealTree
11 silly cloneCurrentTree Starting
12 silly install cloneCurrentTreeToIdealTree
13 silly cloneCurrentTree Finishing
14 silly loadShrinkwrap Starting
15 silly install loadShrinkwrap
16 silly loadShrinkwrap Finishing
17 silly loadAllDepsIntoIdealTree Starting
18 silly install loadAllDepsIntoIdealTree
19 silly loadAllDepsIntoIdealTree Finishing
20 silly idealTree:prePrune back@1.0.0
20 silly idealTree:prePrune ├── @sindresorhus/is@0.14.0
20 silly idealTree:prePrune ├── @szmarczak/http-timer@1.1.2
20 silly idealTree:prePrune ├── @types/bson@4.0.3
20 silly idealTree:prePrune ├── @types/mongodb@3.6.3
20 silly idealTree:prePrune ├── @types/node@14.14.14
20 silly idealTree:prePrune ├── abbrev@1.1.1
20 silly idealTree:prePrune ├── accepts@1.3.7
20 silly idealTree:prePrune ├─┬ ansi-align@3.0.0
20 silly idealTree:prePrune │ └── string-width@3.1.0
20 silly idealTree:prePrune ├── ansi-regex@4.1.0
20 silly idealTree:prePrune ├── ansi-styles@4.3.0
20 silly idealTree:prePrune ├── anymatch@3.1.1
20 silly idealTree:prePrune ├── append-field@1.0.0
20 silly idealTree:prePrune ├── array-flatten@1.1.1
20 silly idealTree:prePrune ├── async@0.9.2
20 silly idealTree:prePrune ├── balanced-match@1.0.0
20 silly idealTree:prePrune ├── base64url@3.0.1
20 silly idealTree:prePrune ├── binary-extensions@2.1.0
20 silly idealTree:prePrune ├── bl@2.2.1
20 silly idealTree:prePrune ├── bluebird@3.5.1
20 silly idealTree:prePrune ├─┬ body-parser@1.19.0
20 silly idealTree:prePrune │ ├── debug@2.6.9
20 silly idealTree:prePrune │ └── ms@2.0.0
20 silly idealTree:prePrune ├── boxen@4.2.0
20 silly idealTree:prePrune ├── brace-expansion@1.1.11
20 silly idealTree:prePrune ├── braces@3.0.2
20 silly idealTree:prePrune ├── bson@1.1.5
20 silly idealTree:prePrune ├── buffer-from@1.1.1
20 silly idealTree:prePrune ├─┬ busboy@0.2.14
20 silly idealTree:prePrune │ ├── isarray@0.0.1
20 silly idealTree:prePrune │ ├── readable-stream@1.1.14
20 silly idealTree:prePrune │ └── string_decoder@0.10.31
20 silly idealTree:prePrune ├── bytes@3.1.0
20 silly idealTree:prePrune ├─┬ cacheable-request@6.1.0
20 silly idealTree:prePrune │ ├── get-stream@5.2.0
20 silly idealTree:prePrune │ └── lowercase-keys@2.0.0
20 silly idealTree:prePrune ├── camelcase@5.3.1
20 silly idealTree:prePrune ├─┬ chalk@3.0.0
20 silly idealTree:prePrune │ ├── has-flag@4.0.0
20 silly idealTree:prePrune │ └── supports-color@7.2.0
20 silly idealTree:prePrune ├── chokidar@3.4.3
20 silly idealTree:prePrune ├── ci-info@2.0.0
20 silly idealTree:prePrune ├── cli-boxes@2.2.1
20 silly idealTree:prePrune ├── clone-response@1.0.2
20 silly idealTree:prePrune ├── color-convert@2.0.1
20 silly idealTree:prePrune ├── color-name@1.1.4
20 silly idealTree:prePrune ├── concat-map@0.0.1
20 silly idealTree:prePrune ├── concat-stream@1.6.2
20 silly idealTree:prePrune ├── configstore@5.0.1
20 silly idealTree:prePrune ├── content-disposition@0.5.3
20 silly idealTree:prePrune ├── content-type@1.0.4
20 silly idealTree:prePrune ├── cookie-signature@1.0.6
20 silly idealTree:prePrune ├── cookie@0.4.0
20 silly idealTree:prePrune ├── core-util-is@1.0.2
20 silly idealTree:prePrune ├── crypto-random-string@2.0.0
20 silly idealTree:prePrune ├── debug@3.2.7
20 silly idealTree:prePrune ├── decompress-response@3.3.0
20 silly idealTree:prePrune ├── deep-extend@0.6.0
20 silly idealTree:prePrune ├── defer-to-connect@1.1.3
20 silly idealTree:prePrune ├── denque@1.4.1
20 silly idealTree:prePrune ├── depd@1.1.2
20 silly idealTree:prePrune ├── destroy@1.0.4
20 silly idealTree:prePrune ├─┬ dicer@0.2.5
20 silly idealTree:prePrune │ ├── isarray@0.0.1
20 silly idealTree:prePrune │ ├── readable-stream@1.1.14
20 silly idealTree:prePrune │ └── string_decoder@0.10.31
20 silly idealTree:prePrune ├── dot-prop@5.3.0
20 silly idealTree:prePrune ├── dotenv@8.2.0
20 silly idealTree:prePrune ├── duplexer3@0.1.4
20 silly idealTree:prePrune ├── ee-first@1.1.1
20 silly idealTree:prePrune ├── ejs@3.1.5
20 silly idealTree:prePrune ├── emoji-regex@7.0.3
20 silly idealTree:prePrune ├── encodeurl@1.0.2
20 silly idealTree:prePrune ├── end-of-stream@1.4.4
20 silly idealTree:prePrune ├── escape-goat@2.1.1
20 silly idealTree:prePrune ├── escape-html@1.0.3
20 silly idealTree:prePrune ├── escape-string-regexp@1.0.5
20 silly idealTree:prePrune ├── etag@1.8.1
20 silly idealTree:prePrune ├─┬ express-session@1.17.1
20 silly idealTree:prePrune │ ├── debug@2.6.9
20 silly idealTree:prePrune │ ├── depd@2.0.0
20 silly idealTree:prePrune │ ├── ms@2.0.0
20 silly idealTree:prePrune │ └── safe-buffer@5.2.0
20 silly idealTree:prePrune ├─┬ express@4.17.1
20 silly idealTree:prePrune │ ├── debug@2.6.9
20 silly idealTree:prePrune │ └── ms@2.0.0
20 silly idealTree:prePrune ├── filelist@1.0.1
20 silly idealTree:prePrune ├── fill-range@7.0.1
20 silly idealTree:prePrune ├─┬ finalhandler@1.1.2
20 silly idealTree:prePrune │ ├── debug@2.6.9
20 silly idealTree:prePrune │ └── ms@2.0.0
20 silly idealTree:prePrune ├── forwarded@0.1.2
20 silly idealTree:prePrune ├── fresh@0.5.2
20 silly idealTree:prePrune ├── fsevents@2.1.3
20 silly idealTree:prePrune ├── get-stream@4.1.0
20 silly idealTree:prePrune ├── glob-parent@5.1.1
20 silly idealTree:prePrune ├── global-dirs@2.1.0
20 silly idealTree:prePrune ├── got@9.6.0
20 silly idealTree:prePrune ├── graceful-fs@4.2.4
20 silly idealTree:prePrune ├── has-flag@3.0.0
20 silly idealTree:prePrune ├── has-yarn@2.1.0
20 silly idealTree:prePrune ├── http-cache-semantics@4.1.0
20 silly idealTree:prePrune ├── http-errors@1.7.2
20 silly idealTree:prePrune ├── iconv-lite@0.4.24
20 silly idealTree:prePrune ├── ignore-by-default@1.0.1
20 silly idealTree:prePrune ├── import-lazy@2.1.0
20 silly idealTree:prePrune ├── imurmurhash@0.1.4
20 silly idealTree:prePrune ├── inherits@2.0.3
20 silly idealTree:prePrune ├── ini@1.3.7
20 silly idealTree:prePrune ├── ipaddr.js@1.9.1
20 silly idealTree:prePrune ├── is-binary-path@2.1.0
20 silly idealTree:prePrune ├── is-ci@2.0.0
20 silly idealTree:prePrune ├── is-extglob@2.1.1
20 silly idealTree:prePrune ├── is-fullwidth-code-point@2.0.0
20 silly idealTree:prePrune ├── is-glob@4.0.1
20 silly idealTree:prePrune ├── is-installed-globally@0.3.2
20 silly idealTree:prePrune ├── is-npm@4.0.0
20 silly idealTree:prePrune ├── is-number@7.0.0
20 silly idealTree:prePrune ├── is-obj@2.0.0
20 silly idealTree:prePrune ├── is-path-inside@3.0.2
20 silly idealTree:prePrune ├── is-typedarray@1.0.0
20 silly idealTree:prePrune ├── is-yarn-global@0.3.0
20 silly idealTree:prePrune ├── isarray@1.0.0
20 silly idealTree:prePrune ├─┬ jake@10.8.2
20 silly idealTree:prePrune │ ├── ansi-styles@3.2.1
20 silly idealTree:prePrune │ ├── chalk@2.4.2
20 silly idealTree:prePrune │ ├── color-convert@1.9.3
20 silly idealTree:prePrune │ └── color-name@1.1.3
20 silly idealTree:prePrune ├── json-buffer@3.0.0
20 silly idealTree:prePrune ├── kareem@2.3.2
20 silly idealTree:prePrune ├── keyv@3.1.0
20 silly idealTree:prePrune ├── latest-version@5.1.0
20 silly idealTree:prePrune ├── lowercase-keys@1.0.1
20 silly idealTree:prePrune ├─┬ make-dir@3.1.0
20 silly idealTree:prePrune │ └── semver@6.3.0
20 silly idealTree:prePrune ├── media-typer@0.3.0
20 silly idealTree:prePrune ├── memory-pager@1.5.0
20 silly idealTree:prePrune ├── merge-descriptors@1.0.1
20 silly idealTree:prePrune ├── methods@1.1.2
20 silly idealTree:prePrune ├── mime-db@1.44.0
20 silly idealTree:prePrune ├── mime-types@2.1.27
20 silly idealTree:prePrune ├── mime@1.6.0
20 silly idealTree:prePrune ├── mimic-response@1.0.1
20 silly idealTree:prePrune ├── minimatch@3.0.4
20 silly idealTree:prePrune ├── minimist@1.2.5
20 silly idealTree:prePrune ├── mkdirp@0.5.5
20 silly idealTree:prePrune ├── moment-timezone@0.5.32
20 silly idealTree:prePrune ├── moment@2.29.1
20 silly idealTree:prePrune ├── mongodb@3.6.3
20 silly idealTree:prePrune ├── mongoose-legacy-pluralize@1.0.2
20 silly idealTree:prePrune ├─┬ mongoose@5.11.8
20 silly idealTree:prePrune │ ├── ms@2.1.2
20 silly idealTree:prePrune │ └── safe-buffer@5.2.1
20 silly idealTree:prePrune ├── mpath@0.8.1
20 silly idealTree:prePrune ├─┬ mquery@3.2.3
20 silly idealTree:prePrune │ ├── debug@3.1.0
20 silly idealTree:prePrune │ └── ms@2.0.0
20 silly idealTree:prePrune ├── ms@2.1.3
20 silly idealTree:prePrune ├── multer@1.4.2
20 silly idealTree:prePrune ├── negotiator@0.6.2
20 silly idealTree:prePrune ├── node-bin-setup@1.0.6
20 silly idealTree:prePrune ├── node@15.4.0
20 silly idealTree:prePrune ├── nodemon@2.0.6
20 silly idealTree:prePrune ├── nopt@1.0.10
20 silly idealTree:prePrune ├── normalize-path@3.0.0
20 silly idealTree:prePrune ├── normalize-url@4.5.0
20 silly idealTree:prePrune ├── oauth@0.9.15
20 silly idealTree:prePrune ├── object-assign@4.1.1
20 silly idealTree:prePrune ├── on-finished@2.3.0
20 silly idealTree:prePrune ├── on-headers@1.0.2
20 silly idealTree:prePrune ├── once@1.4.0
20 silly idealTree:prePrune ├── p-cancelable@1.1.0
20 silly idealTree:prePrune ├─┬ package-json@6.5.0
20 silly idealTree:prePrune │ └── semver@6.3.0
20 silly idealTree:prePrune ├── parseurl@1.3.3
20 silly idealTree:prePrune ├─┬ passport-google-oauth@2.0.0
20 silly idealTree:prePrune │ └── passport-google-oauth20@2.0.0
20 silly idealTree:prePrune ├── passport-google-oauth1@1.0.0
20 silly idealTree:prePrune ├── passport-google-oauth20@1.0.0
20 silly idealTree:prePrune ├── passport-oauth1@1.1.0
20 silly idealTree:prePrune ├── passport-oauth2@1.5.0
20 silly idealTree:prePrune ├── passport-strategy@1.0.0
20 silly idealTree:prePrune ├── passport@0.4.1
20 silly idealTree:prePrune ├── path-to-regexp@0.1.7
20 silly idealTree:prePrune ├── pause@0.0.1
20 silly idealTree:prePrune ├── picomatch@2.2.2
20 silly idealTree:prePrune ├── prepend-http@2.0.0
20 silly idealTree:prePrune ├── process-nextick-args@2.0.1
20 silly idealTree:prePrune ├── proxy-addr@2.0.6
20 silly idealTree:prePrune ├── pstree.remy@1.1.8
20 silly idealTree:prePrune ├── pump@3.0.0
20 silly idealTree:prePrune ├── pupa@2.1.1
20 silly idealTree:prePrune ├── python-shell@2.0.3
20 silly idealTree:prePrune ├── qs@6.7.0
20 silly idealTree:prePrune ├── random-bytes@1.0.0
20 silly idealTree:prePrune ├── range-parser@1.2.1
20 silly idealTree:prePrune ├── raw-body@2.4.0
20 silly idealTree:prePrune ├── rc@1.2.8
20 silly idealTree:prePrune ├── readable-stream@2.3.7
20 silly idealTree:prePrune ├── readdirp@3.5.0
20 silly idealTree:prePrune ├── regexp-clone@1.0.0
20 silly idealTree:prePrune ├── registry-auth-token@4.2.1
20 silly idealTree:prePrune ├── registry-url@5.1.0
20 silly idealTree:prePrune ├── require_optional@1.0.1
20 silly idealTree:prePrune ├── resolve-from@2.0.0
20 silly idealTree:prePrune ├── responselike@1.0.2
20 silly idealTree:prePrune ├── safe-buffer@5.1.2
20 silly idealTree:prePrune ├── safer-buffer@2.1.2
20 silly idealTree:prePrune ├── saslprep@1.0.3
20 silly idealTree:prePrune ├─┬ semver-diff@3.1.1
20 silly idealTree:prePrune │ └── semver@6.3.0
20 silly idealTree:prePrune ├── semver@5.7.1
20 silly idealTree:prePrune ├─┬ send@0.17.1
20 silly idealTree:prePrune │ ├─┬ debug@2.6.9
20 silly idealTree:prePrune │ │ └── ms@2.0.0
20 silly idealTree:prePrune │ └── ms@2.1.1
20 silly idealTree:prePrune ├── serve-static@1.14.1
20 silly idealTree:prePrune ├── setprototypeof@1.1.1
20 silly idealTree:prePrune ├── sift@7.0.1
20 silly idealTree:prePrune ├── signal-exit@3.0.3
20 silly idealTree:prePrune ├── sliced@1.0.1
20 silly idealTree:prePrune ├── sparse-bitfield@3.0.3
20 silly idealTree:prePrune ├── statuses@1.5.0
20 silly idealTree:prePrune ├── streamsearch@0.1.2
20 silly idealTree:prePrune ├── string_decoder@1.1.1
20 silly idealTree:prePrune ├─┬ string-width@4.2.0
20 silly idealTree:prePrune │ ├── ansi-regex@5.0.0
20 silly idealTree:prePrune │ ├── emoji-regex@8.0.0
20 silly idealTree:prePrune │ ├── is-fullwidth-code-point@3.0.0
20 silly idealTree:prePrune │ └── strip-ansi@6.0.0
20 silly idealTree:prePrune ├── strip-ansi@5.2.0
20 silly idealTree:prePrune ├── strip-json-comments@2.0.1
20 silly idealTree:prePrune ├── supports-color@5.5.0
20 silly idealTree:prePrune ├── term-size@2.2.1
20 silly idealTree:prePrune ├── to-readable-stream@1.0.0
20 silly idealTree:prePrune ├── to-regex-range@5.0.1
20 silly idealTree:prePrune ├── toidentifier@1.0.0
20 silly idealTree:prePrune ├── touch@3.1.0
20 silly idealTree:prePrune ├── type-fest@0.8.1
20 silly idealTree:prePrune ├── type-is@1.6.18
20 silly idealTree:prePrune ├── typedarray-to-buffer@3.1.5
20 silly idealTree:prePrune ├── typedarray@0.0.6
20 silly idealTree:prePrune ├── uid-safe@2.1.5
20 silly idealTree:prePrune ├── uid2@0.0.3
20 silly idealTree:prePrune ├─┬ undefsafe@2.0.3
20 silly idealTree:prePrune │ ├── debug@2.6.9
20 silly idealTree:prePrune │ └── ms@2.0.0
20 silly idealTree:prePrune ├── unique-string@2.0.0
20 silly idealTree:prePrune ├── unpipe@1.0.0
20 silly idealTree:prePrune ├── update-notifier@4.1.3
20 silly idealTree:prePrune ├── url-parse-lax@3.0.0
20 silly idealTree:prePrune ├── util-deprecate@1.0.2
20 silly idealTree:prePrune ├── utils-merge@1.0.1
20 silly idealTree:prePrune ├── vary@1.1.2
20 silly idealTree:prePrune ├── widest-line@3.1.0
20 silly idealTree:prePrune ├── wrappy@1.0.2
20 silly idealTree:prePrune ├── write-file-atomic@3.0.3
20 silly idealTree:prePrune ├── xdg-basedir@4.0.0
20 silly idealTree:prePrune └── xtend@4.0.2
21 silly loadIdealTree Finishing
22 silly currentTree back@1.0.0
22 silly currentTree ├── @sindresorhus/is@0.14.0
22 silly currentTree ├── @szmarczak/http-timer@1.1.2
22 silly currentTree ├── @types/bson@4.0.3
22 silly currentTree ├── @types/mongodb@3.6.3
22 silly currentTree ├── @types/node@14.14.14
22 silly currentTree ├── abbrev@1.1.1
22 silly currentTree ├── accepts@1.3.7
22 silly currentTree ├─┬ ansi-align@3.0.0
22 silly currentTree │ └── string-width@3.1.0
22 silly currentTree ├── ansi-regex@4.1.0
22 silly currentTree ├── ansi-styles@4.3.0
22 silly currentTree ├── anymatch@3.1.1
22 silly currentTree ├── append-field@1.0.0
22 silly currentTree ├── array-flatten@1.1.1
22 silly currentTree ├── async@0.9.2
22 silly currentTree ├── balanced-match@1.0.0
22 silly currentTree ├── base64url@3.0.1
22 silly currentTree ├── binary-extensions@2.1.0
22 silly currentTree ├── bl@2.2.1
22 silly currentTree ├── bluebird@3.5.1
22 silly currentTree ├─┬ body-parser@1.19.0
22 silly currentTree │ ├── debug@2.6.9
22 silly currentTree │ └── ms@2.0.0
22 silly currentTree ├── boxen@4.2.0
22 silly currentTree ├── brace-expansion@1.1.11
22 silly currentTree ├── braces@3.0.2
22 silly currentTree ├── bson@1.1.5
22 silly currentTree ├── buffer-from@1.1.1
22 silly currentTree ├─┬ busboy@0.2.14
22 silly currentTree │ ├── isarray@0.0.1
22 silly currentTree │ ├── readable-stream@1.1.14
22 silly currentTree │ └── string_decoder@0.10.31
22 silly currentTree ├── bytes@3.1.0
22 silly currentTree ├─┬ cacheable-request@6.1.0
22 silly currentTree │ ├── get-stream@5.2.0
22 silly currentTree │ └── lowercase-keys@2.0.0
22 silly currentTree ├── camelcase@5.3.1
22 silly currentTree ├─┬ chalk@3.0.0
22 silly currentTree │ ├── has-flag@4.0.0
22 silly currentTree │ └── supports-color@7.2.0
22 silly currentTree ├── chokidar@3.4.3
22 silly currentTree ├── ci-info@2.0.0
22 silly currentTree ├── cli-boxes@2.2.1
22 silly currentTree ├── clone-response@1.0.2
22 silly currentTree ├── color-convert@2.0.1
22 silly currentTree ├── color-name@1.1.4
22 silly currentTree ├── concat-map@0.0.1
22 silly currentTree ├── concat-stream@1.6.2
22 silly currentTree ├── configstore@5.0.1
22 silly currentTree ├── content-disposition@0.5.3
22 silly currentTree ├── content-type@1.0.4
22 silly currentTree ├── cookie-signature@1.0.6
22 silly currentTree ├── cookie@0.4.0
22 silly currentTree ├── core-util-is@1.0.2
22 silly currentTree ├── crypto-random-string@2.0.0
22 silly currentTree ├── debug@3.2.7
22 silly currentTree ├── decompress-response@3.3.0
22 silly currentTree ├── deep-extend@0.6.0
22 silly currentTree ├── defer-to-connect@1.1.3
22 silly currentTree ├── denque@1.4.1
22 silly currentTree ├── depd@1.1.2
22 silly currentTree ├── destroy@1.0.4
22 silly currentTree ├─┬ dicer@0.2.5
22 silly currentTree │ ├── isarray@0.0.1
22 silly currentTree │ ├── readable-stream@1.1.14
22 silly currentTree │ └── string_decoder@0.10.31
22 silly currentTree ├── dot-prop@5.3.0
22 silly currentTree ├── dotenv@8.2.0
22 silly currentTree ├── duplexer3@0.1.4
22 silly currentTree ├── ee-first@1.1.1
22 silly currentTree ├── ejs@3.1.5
22 silly currentTree ├── emoji-regex@7.0.3
22 silly currentTree ├── encodeurl@1.0.2
22 silly currentTree ├── end-of-stream@1.4.4
22 silly currentTree ├── escape-goat@2.1.1
22 silly currentTree ├── escape-html@1.0.3
22 silly currentTree ├── escape-string-regexp@1.0.5
22 silly currentTree ├── etag@1.8.1
22 silly currentTree ├─┬ express-session@1.17.1
22 silly currentTree │ ├── debug@2.6.9
22 silly currentTree │ ├── depd@2.0.0
22 silly currentTree │ ├── ms@2.0.0
22 silly currentTree │ └── safe-buffer@5.2.0
22 silly currentTree ├─┬ express@4.17.1
22 silly currentTree │ ├── debug@2.6.9
22 silly currentTree │ └── ms@2.0.0
22 silly currentTree ├── filelist@1.0.1
22 silly currentTree ├── fill-range@7.0.1
22 silly currentTree ├─┬ finalhandler@1.1.2
22 silly currentTree │ ├── debug@2.6.9
22 silly currentTree │ └── ms@2.0.0
22 silly currentTree ├── forwarded@0.1.2
22 silly currentTree ├── fresh@0.5.2
22 silly currentTree ├── fsevents@2.1.3
22 silly currentTree ├── get-stream@4.1.0
22 silly currentTree ├── glob-parent@5.1.1
22 silly currentTree ├── global-dirs@2.1.0
22 silly currentTree ├── got@9.6.0
22 silly currentTree ├── graceful-fs@4.2.4
22 silly currentTree ├── has-flag@3.0.0
22 silly currentTree ├── has-yarn@2.1.0
22 silly currentTree ├── http-cache-semantics@4.1.0
22 silly currentTree ├── http-errors@1.7.2
22 silly currentTree ├── iconv-lite@0.4.24
22 silly currentTree ├── ignore-by-default@1.0.1
22 silly currentTree ├── import-lazy@2.1.0
22 silly currentTree ├── imurmurhash@0.1.4
22 silly currentTree ├── inherits@2.0.3
22 silly currentTree ├── ini@1.3.7
22 silly currentTree ├── ipaddr.js@1.9.1
22 silly currentTree ├── is-binary-path@2.1.0
22 silly currentTree ├── is-ci@2.0.0
22 silly currentTree ├── is-extglob@2.1.1
22 silly currentTree ├── is-fullwidth-code-point@2.0.0
22 silly currentTree ├── is-glob@4.0.1
22 silly currentTree ├── is-installed-globally@0.3.2
22 silly currentTree ├── is-npm@4.0.0
22 silly currentTree ├── is-number@7.0.0
22 silly currentTree ├── is-obj@2.0.0
22 silly currentTree ├── is-path-inside@3.0.2
22 silly currentTree ├── is-typedarray@1.0.0
22 silly currentTree ├── is-yarn-global@0.3.0
22 silly currentTree ├── isarray@1.0.0
22 silly currentTree ├─┬ jake@10.8.2
22 silly currentTree │ ├── ansi-styles@3.2.1
22 silly currentTree │ ├── chalk@2.4.2
22 silly currentTree │ ├── color-convert@1.9.3
22 silly currentTree │ └── color-name@1.1.3
22 silly currentTree ├── json-buffer@3.0.0
22 silly currentTree ├── kareem@2.3.2
22 silly currentTree ├── keyv@3.1.0
22 silly currentTree ├── latest-version@5.1.0
22 silly currentTree ├── lowercase-keys@1.0.1
22 silly currentTree ├─┬ make-dir@3.1.0
22 silly currentTree │ └── semver@6.3.0
22 silly currentTree ├── media-typer@0.3.0
22 silly currentTree ├── memory-pager@1.5.0
22 silly currentTree ├── merge-descriptors@1.0.1
22 silly currentTree ├── methods@1.1.2
22 silly currentTree ├── mime-db@1.44.0
22 silly currentTree ├── mime-types@2.1.27
22 silly currentTree ├── mime@1.6.0
22 silly currentTree ├── mimic-response@1.0.1
22 silly currentTree ├── minimatch@3.0.4
22 silly currentTree ├── minimist@1.2.5
22 silly currentTree ├── mkdirp@0.5.5
22 silly currentTree ├── moment-timezone@0.5.32
22 silly currentTree ├── moment@2.29.1
22 silly currentTree ├── mongodb@3.6.3
22 silly currentTree ├── mongoose-legacy-pluralize@1.0.2
22 silly currentTree ├─┬ mongoose@5.11.8
22 silly currentTree │ ├── ms@2.1.2
22 silly currentTree │ └── safe-buffer@5.2.1
22 silly currentTree ├── mpath@0.8.1
22 silly currentTree ├─┬ mquery@3.2.3
22 silly currentTree │ ├── debug@3.1.0
22 silly currentTree │ └── ms@2.0.0
22 silly currentTree ├── ms@2.1.3
22 silly currentTree ├── multer@1.4.2
22 silly currentTree ├── negotiator@0.6.2
22 silly currentTree ├── node-bin-setup@1.0.6
22 silly currentTree ├── node@15.4.0
22 silly currentTree ├── nodemon@2.0.6
22 silly currentTree ├── nopt@1.0.10
22 silly currentTree ├── normalize-path@3.0.0
22 silly currentTree ├── normalize-url@4.5.0
22 silly currentTree ├── oauth@0.9.15
22 silly currentTree ├── object-assign@4.1.1
22 silly currentTree ├── on-finished@2.3.0
22 silly currentTree ├── on-headers@1.0.2
22 silly currentTree ├── once@1.4.0
22 silly currentTree ├── p-cancelable@1.1.0
22 silly currentTree ├─┬ package-json@6.5.0
22 silly currentTree │ └── semver@6.3.0
22 silly currentTree ├── parseurl@1.3.3
22 silly currentTree ├─┬ passport-google-oauth@2.0.0
22 silly currentTree │ └── passport-google-oauth20@2.0.0
22 silly currentTree ├── passport-google-oauth1@1.0.0
22 silly currentTree ├── passport-google-oauth20@1.0.0
22 silly currentTree ├── passport-oauth1@1.1.0
22 silly currentTree ├── passport-oauth2@1.5.0
22 silly currentTree ├── passport-strategy@1.0.0
22 silly currentTree ├── passport@0.4.1
22 silly currentTree ├── path-to-regexp@0.1.7
22 silly currentTree ├── pause@0.0.1
22 silly currentTree ├── picomatch@2.2.2
22 silly currentTree ├── prepend-http@2.0.0
22 silly currentTree ├── process-nextick-args@2.0.1
22 silly currentTree ├── proxy-addr@2.0.6
22 silly currentTree ├── pstree.remy@1.1.8
22 silly currentTree ├── pump@3.0.0
22 silly currentTree ├── pupa@2.1.1
22 silly currentTree ├── python-shell@2.0.3
22 silly currentTree ├── qs@6.7.0
22 silly currentTree ├── random-bytes@1.0.0
22 silly currentTree ├── range-parser@1.2.1
22 silly currentTree ├── raw-body@2.4.0
22 silly currentTree ├── rc@1.2.8
22 silly currentTree ├── readable-stream@2.3.7
22 silly currentTree ├── readdirp@3.5.0
22 silly currentTree ├── regexp-clone@1.0.0
22 silly currentTree ├── registry-auth-token@4.2.1
22 silly currentTree ├── registry-url@5.1.0
22 silly currentTree ├── require_optional@1.0.1
22 silly currentTree ├── resolve-from@2.0.0
22 silly currentTree ├── responselike@1.0.2
22 silly currentTree ├── safe-buffer@5.1.2
22 silly currentTree ├── safer-buffer@2.1.2
22 silly currentTree ├── saslprep@1.0.3
22 silly currentTree ├─┬ semver-diff@3.1.1
22 silly currentTree │ └── semver@6.3.0
22 silly currentTree ├── semver@5.7.1
22 silly currentTree ├─┬ send@0.17.1
22 silly currentTree │ ├─┬ debug@2.6.9
22 silly currentTree │ │ └── ms@2.0.0
22 silly currentTree │ └── ms@2.1.1
22 silly currentTree ├── serve-static@1.14.1
22 silly currentTree ├── setprototypeof@1.1.1
22 silly currentTree ├── sift@7.0.1
22 silly currentTree ├── signal-exit@3.0.3
22 silly currentTree ├── sliced@1.0.1
22 silly currentTree ├── sparse-bitfield@3.0.3
22 silly currentTree ├── statuses@1.5.0
22 silly currentTree ├── streamsearch@0.1.2
22 silly currentTree ├── string_decoder@1.1.1
22 silly currentTree ├─┬ string-width@4.2.0
22 silly currentTree │ ├── ansi-regex@5.0.0
22 silly currentTree │ ├── emoji-regex@8.0.0
22 silly currentTree │ ├── is-fullwidth-code-point@3.0.0
22 silly currentTree │ └── strip-ansi@6.0.0
22 silly currentTree ├── strip-ansi@5.2.0
22 silly currentTree ├── strip-json-comments@2.0.1
22 silly currentTree ├── supports-color@5.5.0
22 silly currentTree ├── term-size@2.2.1
22 silly currentTree ├── to-readable-stream@1.0.0
22 silly currentTree ├── to-regex-range@5.0.1
22 silly currentTree ├── toidentifier@1.0.0
22 silly currentTree ├── touch@3.1.0
22 silly currentTree ├── type-fest@0.8.1
22 silly currentTree ├── type-is@1.6.18
22 silly currentTree ├── typedarray-to-buffer@3.1.5
22 silly currentTree ├── typedarray@0.0.6
22 silly currentTree ├── uid-safe@2.1.5
22 silly currentTree ├── uid2@0.0.3
22 silly currentTree ├─┬ undefsafe@2.0.3
22 silly currentTree │ ├── debug@2.6.9
22 silly currentTree │ └── ms@2.0.0
22 silly currentTree ├── unique-string@2.0.0
22 silly currentTree ├── unpipe@1.0.0
22 silly currentTree ├── update-notifier@4.1.3
22 silly currentTree ├── url-parse-lax@3.0.0
22 silly currentTree ├── util-deprecate@1.0.2
22 silly currentTree ├── utils-merge@1.0.1
22 silly currentTree ├── vary@1.1.2
22 silly currentTree ├── widest-line@3.1.0
22 silly currentTree ├── wrappy@1.0.2
22 silly currentTree ├── write-file-atomic@3.0.3
22 silly currentTree ├── xdg-basedir@4.0.0
22 silly currentTree └── xtend@4.0.2
23 silly idealTree back@1.0.0
23 silly idealTree ├── @sindresorhus/is@0.14.0
23 silly idealTree ├── @szmarczak/http-timer@1.1.2
23 silly idealTree ├── @types/bson@4.0.3
23 silly idealTree ├── @types/mongodb@3.6.3
23 silly idealTree ├── @types/node@14.14.14
23 silly idealTree ├── abbrev@1.1.1
23 silly idealTree ├── accepts@1.3.7
23 silly idealTree ├─┬ ansi-align@3.0.0
23 silly idealTree │ └── string-width@3.1.0
23 silly idealTree ├── ansi-regex@4.1.0
23 silly idealTree ├── ansi-styles@4.3.0
23 silly idealTree ├── anymatch@3.1.1
23 silly idealTree ├── append-field@1.0.0
23 silly idealTree ├── array-flatten@1.1.1
23 silly idealTree ├── async@0.9.2
23 silly idealTree ├── balanced-match@1.0.0
23 silly idealTree ├── base64url@3.0.1
23 silly idealTree ├── binary-extensions@2.1.0
23 silly idealTree ├── bl@2.2.1
23 silly idealTree ├── bluebird@3.5.1
23 silly idealTree ├─┬ body-parser@1.19.0
23 silly idealTree │ ├── debug@2.6.9
23 silly idealTree │ └── ms@2.0.0
23 silly idealTree ├── boxen@4.2.0
23 silly idealTree ├── brace-expansion@1.1.11
23 silly idealTree ├── braces@3.0.2
23 silly idealTree ├── bson@1.1.5
23 silly idealTree ├── buffer-from@1.1.1
23 silly idealTree ├─┬ busboy@0.2.14
23 silly idealTree │ ├── isarray@0.0.1
23 silly idealTree │ ├── readable-stream@1.1.14
23 silly idealTree │ └── string_decoder@0.10.31
23 silly idealTree ├── bytes@3.1.0
23 silly idealTree ├─┬ cacheable-request@6.1.0
23 silly idealTree │ ├── get-stream@5.2.0
23 silly idealTree │ └── lowercase-keys@2.0.0
23 silly idealTree ├── camelcase@5.3.1
23 silly idealTree ├─┬ chalk@3.0.0
23 silly idealTree │ ├── has-flag@4.0.0
23 silly idealTree │ └── supports-color@7.2.0
23 silly idealTree ├── chokidar@3.4.3
23 silly idealTree ├── ci-info@2.0.0
23 silly idealTree ├── cli-boxes@2.2.1
23 silly idealTree ├── clone-response@1.0.2
23 silly idealTree ├── color-convert@2.0.1
23 silly idealTree ├── color-name@1.1.4
23 silly idealTree ├── concat-map@0.0.1
23 silly idealTree ├── concat-stream@1.6.2
23 silly idealTree ├── configstore@5.0.1
23 silly idealTree ├── content-disposition@0.5.3
23 silly idealTree ├── content-type@1.0.4
23 silly idealTree ├── cookie-signature@1.0.6
23 silly idealTree ├── cookie@0.4.0
23 silly idealTree ├── core-util-is@1.0.2
23 silly idealTree ├── crypto-random-string@2.0.0
23 silly idealTree ├── debug@3.2.7
23 silly idealTree ├── decompress-response@3.3.0
23 silly idealTree ├── deep-extend@0.6.0
23 silly idealTree ├── defer-to-connect@1.1.3
23 silly idealTree ├── denque@1.4.1
23 silly idealTree ├── depd@1.1.2
23 silly idealTree ├── destroy@1.0.4
23 silly idealTree ├─┬ dicer@0.2.5
23 silly idealTree │ ├── isarray@0.0.1
23 silly idealTree │ ├── readable-stream@1.1.14
23 silly idealTree │ └── string_decoder@0.10.31
23 silly idealTree ├── dot-prop@5.3.0
23 silly idealTree ├── dotenv@8.2.0
23 silly idealTree ├── duplexer3@0.1.4
23 silly idealTree ├── ee-first@1.1.1
23 silly idealTree ├── ejs@3.1.5
23 silly idealTree ├── emoji-regex@7.0.3
23 silly idealTree ├── encodeurl@1.0.2
23 silly idealTree ├── end-of-stream@1.4.4
23 silly idealTree ├── escape-goat@2.1.1
23 silly idealTree ├── escape-html@1.0.3
23 silly idealTree ├── escape-string-regexp@1.0.5
23 silly idealTree ├── etag@1.8.1
23 silly idealTree ├─┬ express-session@1.17.1
23 silly idealTree │ ├── debug@2.6.9
23 silly idealTree │ ├── depd@2.0.0
23 silly idealTree │ ├── ms@2.0.0
23 silly idealTree │ └── safe-buffer@5.2.0
23 silly idealTree ├─┬ express@4.17.1
23 silly idealTree │ ├── debug@2.6.9
23 silly idealTree │ └── ms@2.0.0
23 silly idealTree ├── filelist@1.0.1
23 silly idealTree ├── fill-range@7.0.1
23 silly idealTree ├─┬ finalhandler@1.1.2
23 silly idealTree │ ├── debug@2.6.9
23 silly idealTree │ └── ms@2.0.0
23 silly idealTree ├── forwarded@0.1.2
23 silly idealTree ├── fresh@0.5.2
23 silly idealTree ├── fsevents@2.1.3
23 silly idealTree ├── get-stream@4.1.0
23 silly idealTree ├── glob-parent@5.1.1
23 silly idealTree ├── global-dirs@2.1.0
23 silly idealTree ├── got@9.6.0
23 silly idealTree ├── graceful-fs@4.2.4
23 silly idealTree ├── has-flag@3.0.0
23 silly idealTree ├── has-yarn@2.1.0
23 silly idealTree ├── http-cache-semantics@4.1.0
23 silly idealTree ├── http-errors@1.7.2
23 silly idealTree ├── iconv-lite@0.4.24
23 silly idealTree ├── ignore-by-default@1.0.1
23 silly idealTree ├── import-lazy@2.1.0
23 silly idealTree ├── imurmurhash@0.1.4
23 silly idealTree ├── inherits@2.0.3
23 silly idealTree ├── ini@1.3.7
23 silly idealTree ├── ipaddr.js@1.9.1
23 silly idealTree ├── is-binary-path@2.1.0
23 silly idealTree ├── is-ci@2.0.0
23 silly idealTree ├── is-extglob@2.1.1
23 silly idealTree ├── is-fullwidth-code-point@2.0.0
23 silly idealTree ├── is-glob@4.0.1
23 silly idealTree ├── is-installed-globally@0.3.2
23 silly idealTree ├── is-npm@4.0.0
23 silly idealTree ├── is-number@7.0.0
23 silly idealTree ├── is-obj@2.0.0
23 silly idealTree ├── is-path-inside@3.0.2
23 silly idealTree ├── is-typedarray@1.0.0
23 silly idealTree ├── is-yarn-global@0.3.0
23 silly idealTree ├── isarray@1.0.0
23 silly idealTree ├─┬ jake@10.8.2
23 silly idealTree │ ├── ansi-styles@3.2.1
23 silly idealTree │ ├── chalk@2.4.2
23 silly idealTree │ ├── color-convert@1.9.3
23 silly idealTree │ └── color-name@1.1.3
23 silly idealTree ├── json-buffer@3.0.0
23 silly idealTree ├── kareem@2.3.2
23 silly idealTree ├── keyv@3.1.0
23 silly idealTree ├── latest-version@5.1.0
23 silly idealTree ├── lowercase-keys@1.0.1
23 silly idealTree ├─┬ make-dir@3.1.0
23 silly idealTree │ └── semver@6.3.0
23 silly idealTree ├── media-typer@0.3.0
23 silly idealTree ├── memory-pager@1.5.0
23 silly idealTree ├── merge-descriptors@1.0.1
23 silly idealTree ├── methods@1.1.2
23 silly idealTree ├── mime-db@1.44.0
23 silly idealTree ├── mime-types@2.1.27
23 silly idealTree ├── mime@1.6.0
23 silly idealTree ├── mimic-response@1.0.1
23 silly idealTree ├── minimatch@3.0.4
23 silly idealTree ├── minimist@1.2.5
23 silly idealTree ├── mkdirp@0.5.5
23 silly idealTree ├── moment-timezone@0.5.32
23 silly idealTree ├── moment@2.29.1
23 silly idealTree ├── mongodb@3.6.3
23 silly idealTree ├── mongoose-legacy-pluralize@1.0.2
23 silly idealTree ├─┬ mongoose@5.11.8
23 silly idealTree │ ├── ms@2.1.2
23 silly idealTree │ └── safe-buffer@5.2.1
23 silly idealTree ├── mpath@0.8.1
23 silly idealTree ├─┬ mquery@3.2.3
23 silly idealTree │ ├── debug@3.1.0
23 silly idealTree │ └── ms@2.0.0
23 silly idealTree ├── ms@2.1.3
23 silly idealTree ├── multer@1.4.2
23 silly idealTree ├── negotiator@0.6.2
23 silly idealTree ├── node-bin-setup@1.0.6
23 silly idealTree ├── node@15.4.0
23 silly idealTree ├── nodemon@2.0.6
23 silly idealTree ├── nopt@1.0.10
23 silly idealTree ├── normalize-path@3.0.0
23 silly idealTree ├── normalize-url@4.5.0
23 silly idealTree ├── oauth@0.9.15
23 silly idealTree ├── object-assign@4.1.1
23 silly idealTree ├── on-finished@2.3.0
23 silly idealTree ├── on-headers@1.0.2
23 silly idealTree ├── once@1.4.0
23 silly idealTree ├── p-cancelable@1.1.0
23 silly idealTree ├─┬ package-json@6.5.0
23 silly idealTree │ └── semver@6.3.0
23 silly idealTree ├── parseurl@1.3.3
23 silly idealTree ├─┬ passport-google-oauth@2.0.0
23 silly idealTree │ └── passport-google-oauth20@2.0.0
23 silly idealTree ├── passport-google-oauth1@1.0.0
23 silly idealTree ├── passport-google-oauth20@1.0.0
23 silly idealTree ├── passport-oauth1@1.1.0
23 silly idealTree ├── passport-oauth2@1.5.0
23 silly idealTree ├── passport-strategy@1.0.0
23 silly idealTree ├── passport@0.4.1
23 silly idealTree ├── path-to-regexp@0.1.7
23 silly idealTree ├── pause@0.0.1
23 silly idealTree ├── picomatch@2.2.2
23 silly idealTree ├── prepend-http@2.0.0
23 silly idealTree ├── process-nextick-args@2.0.1
23 silly idealTree ├── proxy-addr@2.0.6
23 silly idealTree ├── pstree.remy@1.1.8
23 silly idealTree ├── pump@3.0.0
23 silly idealTree ├── pupa@2.1.1
23 silly idealTree ├── python-shell@2.0.3
23 silly idealTree ├── qs@6.7.0
23 silly idealTree ├── random-bytes@1.0.0
23 silly idealTree ├── range-parser@1.2.1
23 silly idealTree ├── raw-body@2.4.0
23 silly idealTree ├── rc@1.2.8
23 silly idealTree ├── readable-stream@2.3.7
23 silly idealTree ├── readdirp@3.5.0
23 silly idealTree ├── regexp-clone@1.0.0
23 silly idealTree ├── registry-auth-token@4.2.1
23 silly idealTree ├── registry-url@5.1.0
23 silly idealTree ├── require_optional@1.0.1
23 silly idealTree ├── resolve-from@2.0.0
23 silly idealTree ├── responselike@1.0.2
23 silly idealTree ├── safe-buffer@5.1.2
23 silly idealTree ├── safer-buffer@2.1.2
23 silly idealTree ├── saslprep@1.0.3
23 silly idealTree ├─┬ semver-diff@3.1.1
23 silly idealTree │ └── semver@6.3.0
23 silly idealTree ├── semver@5.7.1
23 silly idealTree ├─┬ send@0.17.1
23 silly idealTree │ ├─┬ debug@2.6.9
23 silly idealTree │ │ └── ms@2.0.0
23 silly idealTree │ └── ms@2.1.1
23 silly idealTree ├── serve-static@1.14.1
23 silly idealTree ├── setprototypeof@1.1.1
23 silly idealTree ├── sift@7.0.1
23 silly idealTree ├── signal-exit@3.0.3
23 silly idealTree ├── sliced@1.0.1
23 silly idealTree ├── sparse-bitfield@3.0.3
23 silly idealTree ├── statuses@1.5.0
23 silly idealTree ├── streamsearch@0.1.2
23 silly idealTree ├── string_decoder@1.1.1
23 silly idealTree ├─┬ string-width@4.2.0
23 silly idealTree │ ├── ansi-regex@5.0.0
23 silly idealTree │ ├── emoji-regex@8.0.0
23 silly idealTree │ ├── is-fullwidth-code-point@3.0.0
23 silly idealTree │ └── strip-ansi@6.0.0
23 silly idealTree ├── strip-ansi@5.2.0
23 silly idealTree ├── strip-json-comments@2.0.1
23 silly idealTree ├── supports-color@5.5.0
23 silly idealTree ├── term-size@2.2.1
23 silly idealTree ├── to-readable-stream@1.0.0
23 silly idealTree ├── to-regex-range@5.0.1
23 silly idealTree ├── toidentifier@1.0.0
23 silly idealTree ├── touch@3.1.0
23 silly idealTree ├── type-fest@0.8.1
23 silly idealTree ├── type-is@1.6.18
23 silly idealTree ├── typedarray-to-buffer@3.1.5
23 silly idealTree ├── typedarray@0.0.6
23 silly idealTree ├── uid-safe@2.1.5
23 silly idealTree ├── uid2@0.0.3
23 silly idealTree ├─┬ undefsafe@2.0.3
23 silly idealTree │ ├── debug@2.6.9
23 silly idealTree │ └── ms@2.0.0
23 silly idealTree ├── unique-string@2.0.0
23 silly idealTree ├── unpipe@1.0.0
23 silly idealTree ├── update-notifier@4.1.3
23 silly idealTree ├── url-parse-lax@3.0.0
23 silly idealTree ├── util-deprecate@1.0.2
23 silly idealTree ├── utils-merge@1.0.1
23 silly idealTree ├── vary@1.1.2
23 silly idealTree ├── widest-line@3.1.0
23 silly idealTree ├── wrappy@1.0.2
23 silly idealTree ├── write-file-atomic@3.0.3
23 silly idealTree ├── xdg-basedir@4.0.0
23 silly idealTree └── xtend@4.0.2
24 silly generateActionsToTake Starting
25 silly install generateActionsToTake
26 silly generateActionsToTake Finishing
27 silly diffTrees action count 4
28 silly diffTrees update ejs@3.1.5
29 silly diffTrees update node@15.4.0
30 silly diffTrees update nodemon@2.0.6
31 silly diffTrees update python-shell@2.0.3
32 silly decomposeActions action count 32
33 silly decomposeActions fetch ejs@3.1.5
34 silly decomposeActions extract ejs@3.1.5
35 silly decomposeActions test ejs@3.1.5
36 silly decomposeActions preinstall ejs@3.1.5
37 silly decomposeActions build ejs@3.1.5
38 silly decomposeActions install ejs@3.1.5
39 silly decomposeActions postinstall ejs@3.1.5
40 silly decomposeActions finalize ejs@3.1.5
41 silly decomposeActions fetch node@15.4.0
42 silly decomposeActions extract node@15.4.0
43 silly decomposeActions test node@15.4.0
44 silly decomposeActions preinstall node@15.4.0
45 silly decomposeActions build node@15.4.0
46 silly decomposeActions install node@15.4.0
47 silly decomposeActions postinstall node@15.4.0
48 silly decomposeActions finalize node@15.4.0
49 silly decomposeActions fetch nodemon@2.0.6
50 silly decomposeActions extract nodemon@2.0.6
51 silly decomposeActions test nodemon@2.0.6
52 silly decomposeActions preinstall nodemon@2.0.6
53 silly decomposeActions build nodemon@2.0.6
54 silly decomposeActions install nodemon@2.0.6
55 silly decomposeActions postinstall nodemon@2.0.6
56 silly decomposeActions finalize nodemon@2.0.6
57 silly decomposeActions fetch python-shell@2.0.3
58 silly decomposeActions extract python-shell@2.0.3
59 silly decomposeActions test python-shell@2.0.3
60 silly decomposeActions preinstall python-shell@2.0.3
61 silly decomposeActions build python-shell@2.0.3
62 silly decomposeActions install python-shell@2.0.3
63 silly decomposeActions postinstall python-shell@2.0.3
64 silly decomposeActions finalize python-shell@2.0.3
65 silly executeActions Starting
66 silly install executeActions
67 silly doSerial global-install 0
68 silly doParallel fetch 4
69 verbose lock using /home/chojh11c/.npm/_locks/staging-cbeffb30d25d11da.lock for /home/chojh11c/Reading_book_app/readBook/node_modules/.staging
70 silly doParallel extract 4
71 silly extract ejs@3.1.5
72 silly extract node@15.4.0
73 silly extract nodemon@2.0.6
74 silly extract python-shell@2.0.3
75 silly addNamed ejs@3.1.5
76 verbose addNamed "3.1.5" is a plain semver version for ejs
77 silly mapToRegistry name ejs
78 silly mapToRegistry using default registry
79 silly mapToRegistry registry https://registry.npmjs.org/
80 silly mapToRegistry uri https://registry.npmjs.org/ejs
81 verbose addNameVersion registry:https://registry.npmjs.org/ejs not in flight; fetching
82 silly addNamed node@15.4.0
83 verbose addNamed "15.4.0" is a plain semver version for node
84 silly mapToRegistry name node
85 silly mapToRegistry using default registry
86 silly mapToRegistry registry https://registry.npmjs.org/
87 silly mapToRegistry uri https://registry.npmjs.org/node
88 verbose addNameVersion registry:https://registry.npmjs.org/node not in flight; fetching
89 silly addNamed nodemon@2.0.6
90 verbose addNamed "2.0.6" is a plain semver version for nodemon
91 silly mapToRegistry name nodemon
92 silly mapToRegistry using default registry
93 silly mapToRegistry registry https://registry.npmjs.org/
94 silly mapToRegistry uri https://registry.npmjs.org/nodemon
95 verbose addNameVersion registry:https://registry.npmjs.org/nodemon not in flight; fetching
96 silly addNamed python-shell@2.0.3
97 verbose addNamed "2.0.3" is a plain semver version for python-shell
98 silly mapToRegistry name python-shell
99 silly mapToRegistry using default registry
100 silly mapToRegistry registry https://registry.npmjs.org/
101 silly mapToRegistry uri https://registry.npmjs.org/python-shell
102 verbose addNameVersion registry:https://registry.npmjs.org/python-shell not in flight; fetching
103 verbose get https://registry.npmjs.org/ejs not expired, no request
104 verbose get https://registry.npmjs.org/python-shell not expired, no request
105 verbose get https://registry.npmjs.org/nodemon not expired, no request
106 verbose get https://registry.npmjs.org/node not expired, no request
107 silly mapToRegistry name ejs
108 silly mapToRegistry using default registry
109 silly mapToRegistry registry https://registry.npmjs.org/
110 silly mapToRegistry uri https://registry.npmjs.org/ejs
111 verbose addRemoteTarball https://registry.npmjs.org/ejs/-/ejs-3.1.5.tgz not in flight; adding
112 verbose addRemoteTarball [ 'https://registry.npmjs.org/ejs/-/ejs-3.1.5.tgz',
112 verbose addRemoteTarball   'aed723844dc20acb4b170cd9ab1017e476a0d93b' ]
113 silly mapToRegistry name nodemon
114 silly mapToRegistry using default registry
115 silly mapToRegistry registry https://registry.npmjs.org/
116 silly mapToRegistry uri https://registry.npmjs.org/nodemon
117 verbose addRemoteTarball https://registry.npmjs.org/nodemon/-/nodemon-2.0.6.tgz not in flight; adding
118 verbose addRemoteTarball [ 'https://registry.npmjs.org/nodemon/-/nodemon-2.0.6.tgz',
118 verbose addRemoteTarball   '1abe1937b463aaf62f0d52e2b7eaadf28cc2240d' ]
119 silly mapToRegistry name node
120 silly mapToRegistry using default registry
121 silly mapToRegistry registry https://registry.npmjs.org/
122 silly mapToRegistry uri https://registry.npmjs.org/node
123 verbose addRemoteTarball https://registry.npmjs.org/node/-/node-15.4.0.tgz not in flight; adding
124 verbose addRemoteTarball [ 'https://registry.npmjs.org/node/-/node-15.4.0.tgz',
124 verbose addRemoteTarball   '70b1f8898b0ba0f05d5711ca5b754377c8e3f9d8' ]
125 silly mapToRegistry name python-shell
126 silly mapToRegistry using default registry
127 silly mapToRegistry registry https://registry.npmjs.org/
128 silly mapToRegistry uri https://registry.npmjs.org/python-shell
129 verbose addRemoteTarball https://registry.npmjs.org/python-shell/-/python-shell-2.0.3.tgz not in flight; adding
130 verbose addRemoteTarball [ 'https://registry.npmjs.org/python-shell/-/python-shell-2.0.3.tgz',
130 verbose addRemoteTarball   '03040cae27934d88e1226fd34316b39dfb2fddf0' ]
131 info retry fetch attempt 1 at 12:25:29 PM
132 info attempt registry request try #1 at 12:25:29 PM
133 http fetch GET https://registry.npmjs.org/node/-/node-15.4.0.tgz
134 verbose request id 7975f7eb9c21c9c6
135 info retry fetch attempt 1 at 12:25:29 PM
136 info attempt registry request try #1 at 12:25:29 PM
137 http fetch GET https://registry.npmjs.org/python-shell/-/python-shell-2.0.3.tgz
138 info retry fetch attempt 1 at 12:25:29 PM
139 info attempt registry request try #1 at 12:25:29 PM
140 http fetch GET https://registry.npmjs.org/ejs/-/ejs-3.1.5.tgz
141 info retry fetch attempt 1 at 12:25:29 PM
142 info attempt registry request try #1 at 12:25:29 PM
143 http fetch GET https://registry.npmjs.org/nodemon/-/nodemon-2.0.6.tgz
144 http fetch 200 https://registry.npmjs.org/node/-/node-15.4.0.tgz
145 http fetch 200 https://registry.npmjs.org/nodemon/-/nodemon-2.0.6.tgz
146 silly fetchAndShaCheck shasum 70b1f8898b0ba0f05d5711ca5b754377c8e3f9d8
147 http fetch 200 https://registry.npmjs.org/ejs/-/ejs-3.1.5.tgz
148 verbose addTmpTarball /tmp/npm-19511-b1c0058e/registry.npmjs.org/node/-/node-15.4.0.tgz not in flight; adding
149 verbose addTmpTarball already have metadata; skipping unpack for node@15.4.0
150 silly fetchAndShaCheck shasum 1abe1937b463aaf62f0d52e2b7eaadf28cc2240d
151 verbose addTmpTarball /tmp/npm-19511-b1c0058e/registry.npmjs.org/nodemon/-/nodemon-2.0.6.tgz not in flight; adding
152 verbose addTmpTarball already have metadata; skipping unpack for nodemon@2.0.6
153 silly fetchAndShaCheck shasum aed723844dc20acb4b170cd9ab1017e476a0d93b
154 verbose addTmpTarball /tmp/npm-19511-b1c0058e/registry.npmjs.org/ejs/-/ejs-3.1.5.tgz not in flight; adding
155 verbose addTmpTarball already have metadata; skipping unpack for ejs@3.1.5
156 verbose unbuild node_modules/.staging/node-16e16721
157 silly gentlyRm /home/chojh11c/Reading_book_app/readBook/node_modules/.staging/node-16e16721 is being purged from base /home/chojh11c/Reading_book_app/readBook
158 verbose gentlyRm don't care about contents; nuking /home/chojh11c/Reading_book_app/readBook/node_modules/.staging/node-16e16721
159 http fetch 200 https://registry.npmjs.org/python-shell/-/python-shell-2.0.3.tgz
160 verbose unbuild node_modules/.staging/nodemon-3acdb98b
161 verbose tar unpack /home/chojh11c/.npm/node/15.4.0/package.tgz
162 verbose tar unpacking to /home/chojh11c/Reading_book_app/readBook/node_modules/.staging/node-16e16721
163 silly gentlyRm /home/chojh11c/Reading_book_app/readBook/node_modules/.staging/node-16e16721 is being purged
164 verbose gentlyRm don't care about contents; nuking /home/chojh11c/Reading_book_app/readBook/node_modules/.staging/node-16e16721
165 silly gunzTarPerm modes [ '755', '644' ]
166 silly gentlyRm /home/chojh11c/Reading_book_app/readBook/node_modules/.staging/nodemon-3acdb98b is being purged from base /home/chojh11c/Reading_book_app/readBook
167 verbose gentlyRm don't care about contents; nuking /home/chojh11c/Reading_book_app/readBook/node_modules/.staging/nodemon-3acdb98b
168 verbose tar unpack /home/chojh11c/.npm/nodemon/2.0.6/package.tgz
169 verbose tar unpacking to /home/chojh11c/Reading_book_app/readBook/node_modules/.staging/nodemon-3acdb98b
170 silly gentlyRm /home/chojh11c/Reading_book_app/readBook/node_modules/.staging/nodemon-3acdb98b is being purged
171 verbose gentlyRm don't care about contents; nuking /home/chojh11c/Reading_book_app/readBook/node_modules/.staging/nodemon-3acdb98b
172 silly fetchAndShaCheck shasum 03040cae27934d88e1226fd34316b39dfb2fddf0
173 silly gunzTarPerm modes [ '755', '644' ]
174 verbose unbuild node_modules/.staging/ejs-167ac67f
175 verbose addTmpTarball /tmp/npm-19511-b1c0058e/registry.npmjs.org/python-shell/-/python-shell-2.0.3.tgz not in flight; adding
176 verbose addTmpTarball already have metadata; skipping unpack for python-shell@2.0.3
177 silly gunzTarPerm extractEntry installArchSpecificPackage.js
178 silly gentlyRm /home/chojh11c/Reading_book_app/readBook/node_modules/.staging/ejs-167ac67f is being purged from base /home/chojh11c/Reading_book_app/readBook
179 verbose gentlyRm don't care about contents; nuking /home/chojh11c/Reading_book_app/readBook/node_modules/.staging/ejs-167ac67f
180 verbose tar unpack /home/chojh11c/.npm/ejs/3.1.5/package.tgz
181 verbose tar unpacking to /home/chojh11c/Reading_book_app/readBook/node_modules/.staging/ejs-167ac67f
182 silly gentlyRm /home/chojh11c/Reading_book_app/readBook/node_modules/.staging/ejs-167ac67f is being purged
183 verbose gentlyRm don't care about contents; nuking /home/chojh11c/Reading_book_app/readBook/node_modules/.staging/ejs-167ac67f
184 silly gunzTarPerm modes [ '755', '644' ]
185 silly gunzTarPerm extractEntry .jshintrc
186 silly gunzTarPerm modified mode [ '.jshintrc', 436, 420 ]
187 silly gunzTarPerm extractEntry package.json
188 silly gunzTarPerm extractEntry README.md
189 silly gunzTarPerm extractEntry LICENSE
190 silly gunzTarPerm modified mode [ 'LICENSE', 436, 420 ]
191 silly gunzTarPerm extractEntry lib/rules/add.js
192 silly gunzTarPerm modified mode [ 'lib/rules/add.js', 436, 420 ]
193 silly gunzTarPerm extractEntry
194 verbose unbuild node_modules/.staging/python-shell-4f66979b
195 silly gunzTarPerm extractEntry LICENSE
196 silly gunzTarPerm extractEntry bin/
197 silly gunzTarPerm extractEntry ejs.js
198 silly gentlyRm /home/chojh11c/Reading_book_app/readBook/node_modules/.staging/python-shell-4f66979b is being purged from base /home/chojh11c/Reading_book_app/readBook
199 verbose gentlyRm don't care about contents; nuking /home/chojh11c/Reading_book_app/readBook/node_modules/.staging/python-shell-4f66979b
200 silly gunzTarPerm extractEntry lib/utils/bus.js
201 silly gunzTarPerm modified mode [ 'lib/utils/bus.js', 436, 420 ]
202 silly gunzTarPerm extractEntry lib/utils/clone.js
203 silly gunzTarPerm modified mode [ 'lib/utils/clone.js', 436, 420 ]
204 verbose tar unpack /home/chojh11c/.npm/python-shell/2.0.3/package.tgz
205 verbose tar unpacking to /home/chojh11c/Reading_book_app/readBook/node_modules/.staging/python-shell-4f66979b
206 silly gentlyRm /home/chojh11c/Reading_book_app/readBook/node_modules/.staging/python-shell-4f66979b is being purged
207 verbose gentlyRm don't care about contents; nuking /home/chojh11c/Reading_book_app/readBook/node_modules/.staging/python-shell-4f66979b
208 silly gunzTarPerm modes [ '755', '644' ]
209 silly gunzTarPerm extractEntry README.md
210 silly gunzTarPerm extractEntry index.js
211 silly gunzTarPerm modified mode [ 'index.js', 438, 420 ]
212 silly gunzTarPerm extractEntry lib/utils/colour.js
213 silly gunzTarPerm modified mode [ 'lib/utils/colour.js', 436, 420 ]
214 silly gunzTarPerm extractEntry lib/config/command.js
215 silly gunzTarPerm modified mode [ 'lib/config/command.js', 436, 420 ]
216 silly gunzTarPerm extractEntry package.json
217 silly gunzTarPerm modified mode [ 'package.json', 438, 420 ]
218 silly gunzTarPerm extractEntry index.js.map
219 silly gunzTarPerm modified mode [ 'index.js.map', 438, 420 ]
220 silly gunzTarPerm extractEntry CHANGELOG.md
221 silly gunzTarPerm modified mode [ 'CHANGELOG.md', 438, 420 ]
222 silly gunzTarPerm extractEntry README.md
223 silly gunzTarPerm modified mode [ 'README.md', 438, 420 ]
224 silly gunzTarPerm extractEntry index.d.ts
225 silly gunzTarPerm modified mode [ 'index.d.ts', 438, 420 ]
226 silly gunzTarPerm extractEntry jakefile.js
227 silly gunzTarPerm extractEntry package.json
228 silly gunzTarPerm extractEntry lib/
229 silly gunzTarPerm extractEntry ejs.min.js
230 silly gunzTarPerm extractEntry usage.txt
231 silly gunzTarPerm extractEntry lib/ejs.js
232 silly gunzTarPerm extractEntry lib/utils.js
233 silly gunzTarPerm extractEntry commitlint.config.js
234 silly gunzTarPerm modified mode [ 'commitlint.config.js', 436, 420 ]
235 silly gunzTarPerm extractEntry lib/config/defaults.js
236 silly gunzTarPerm modified mode [ 'lib/config/defaults.js', 436, 420 ]
237 silly gunzTarPerm extractEntry bin/cli.js
238 silly gentlyRm /home/chojh11c/Reading_book_app/readBook/node_modules/.staging/node-16e16721/node_modules is being purged
239 verbose gentlyRm don't care about contents; nuking /home/chojh11c/Reading_book_app/readBook/node_modules/.staging/node-16e16721/node_modules
240 silly gunzTarPerm extractEntry lib/config/exec.js
241 silly gunzTarPerm modified mode [ 'lib/config/exec.js', 436, 420 ]
242 silly gunzTarPerm extractEntry lib/cli/index.js
243 silly gunzTarPerm modified mode [ 'lib/cli/index.js', 436, 420 ]
244 silly gunzTarPerm extractEntry lib/config/index.js
245 silly gunzTarPerm modified mode [ 'lib/config/index.js', 436, 420 ]
246 silly gunzTarPerm extractEntry lib/help/index.js
247 silly gunzTarPerm modified mode [ 'lib/help/index.js', 436, 420 ]
248 silly gunzTarPerm extractEntry lib/index.js
249 silly gunzTarPerm modified mode [ 'lib/index.js', 436, 420 ]
250 silly gunzTarPerm extractEntry lib/monitor/index.js
251 silly gunzTarPerm modified mode [ 'lib/monitor/index.js', 436, 420 ]
252 silly gunzTarPerm extractEntry lib/rules/index.js
253 silly gunzTarPerm modified mode [ 'lib/rules/index.js', 436, 420 ]
254 silly gunzTarPerm extractEntry lib/utils/index.js
255 silly gunzTarPerm modified mode [ 'lib/utils/index.js', 436, 420 ]
256 silly gunzTarPerm extractEntry lib/config/load.js
257 silly gunzTarPerm modified mode [ 'lib/config/load.js', 436, 420 ]
258 silly gunzTarPerm extractEntry lib/utils/log.js
259 silly gunzTarPerm modified mode [ 'lib/utils/log.js', 436, 420 ]
260 silly gunzTarPerm extractEntry lib/monitor/match.js
261 silly gunzTarPerm modified mode [ 'lib/monitor/match.js', 436, 420 ]
262 silly gunzTarPerm extractEntry lib/utils/merge.js
263 silly gunzTarPerm modified mode [ 'lib/utils/merge.js', 436, 420 ]
264 silly gunzTarPerm extractEntry bin/nodemon.js
265 silly gunzTarPerm modified mode [ 'bin/nodemon.js', 509, 493 ]
266 silly gunzTarPerm extractEntry lib/nodemon.js
267 silly gunzTarPerm modified mode [ 'lib/nodemon.js', 436, 420 ]
268 silly gunzTarPerm extractEntry lib/cli/parse.js
269 silly gunzTarPerm modified mode [ 'lib/cli/parse.js', 436, 420 ]
270 silly gunzTarPerm extractEntry lib/rules/parse.js
271 silly gunzTarPerm modified mode [ 'lib/rules/parse.js', 436, 420 ]
272 silly gunzTarPerm extractEntry bin/postinstall.js
273 silly gunzTarPerm modified mode [ 'bin/postinstall.js', 509, 493 ]
274 silly gunzTarPerm extractEntry lib/monitor/run.js
275 silly gunzTarPerm modified mode [ 'lib/monitor/run.js', 436, 420 ]
276 silly gunzTarPerm extractEntry lib/monitor/signals.js
277 silly gunzTarPerm modified mode [ 'lib/monitor/signals.js', 436, 420 ]
278 silly gunzTarPerm extractEntry lib/spawn.js
279 silly gunzTarPerm modified mode [ 'lib/spawn.js', 436, 420 ]
280 silly gunzTarPerm extractEntry lib/version.js
281 silly gunzTarPerm modified mode [ 'lib/version.js', 436, 420 ]
282 silly gunzTarPerm extractEntry lib/monitor/watch.js
283 silly gunzTarPerm modified mode [ 'lib/monitor/watch.js', 436, 420 ]
284 silly gunzTarPerm extractEntry .eslintrc.json
285 silly gunzTarPerm modified mode [ '.eslintrc.json', 436, 420 ]
286 silly gunzTarPerm extractEntry package.json
287 silly gunzTarPerm modified mode [ 'package.json', 436, 420 ]
288 silly gunzTarPerm extractEntry README.md
289 silly gunzTarPerm modified mode [ 'README.md', 436, 420 ]
290 silly gunzTarPerm extractEntry doc/cli/authors.txt
291 silly gunzTarPerm modified mode [ 'doc/cli/authors.txt', 436, 420 ]
292 silly gunzTarPerm extractEntry doc/cli/config.txt
293 silly gunzTarPerm modified mode [ 'doc/cli/config.txt', 436, 420 ]
294 silly gunzTarPerm extractEntry doc/cli/help.txt
295 silly gunzTarPerm modified mode [ 'doc/cli/help.txt', 436, 420 ]
296 silly gunzTarPerm extractEntry doc/cli/logo.txt
297 silly gunzTarPerm modified mode [ 'doc/cli/logo.txt', 436, 420 ]
298 silly gunzTarPerm extractEntry doc/cli/options.txt
299 silly gunzTarPerm modified mode [ 'doc/cli/options.txt', 436, 420 ]
300 silly gunzTarPerm extractEntry doc/cli/topics.txt
301 silly gunzTarPerm modified mode [ 'doc/cli/topics.txt', 436, 420 ]
302 silly gunzTarPerm extractEntry doc/cli/usage.txt
303 silly gunzTarPerm modified mode [ 'doc/cli/usage.txt', 436, 420 ]
304 silly gunzTarPerm extractEntry doc/cli/whoami.txt
305 silly gunzTarPerm modified mode [ 'doc/cli/whoami.txt', 436, 420 ]
306 silly gunzTarPerm extractEntry .travis.yml
307 silly gunzTarPerm modified mode [ '.travis.yml', 436, 420 ]
308 silly gentlyRm /home/chojh11c/Reading_book_app/readBook/node_modules/.staging/python-shell-4f66979b/node_modules is being purged
309 verbose gentlyRm don't care about contents; nuking /home/chojh11c/Reading_book_app/readBook/node_modules/.staging/python-shell-4f66979b/node_modules
310 silly gentlyRm /home/chojh11c/Reading_book_app/readBook/node_modules/.staging/ejs-167ac67f/node_modules is being purged
311 verbose gentlyRm don't care about contents; nuking /home/chojh11c/Reading_book_app/readBook/node_modules/.staging/ejs-167ac67f/node_modules
312 silly gentlyRm /home/chojh11c/Reading_book_app/readBook/node_modules/.staging/nodemon-3acdb98b/node_modules is being purged
313 verbose gentlyRm don't care about contents; nuking /home/chojh11c/Reading_book_app/readBook/node_modules/.staging/nodemon-3acdb98b/node_modules
314 silly doParallel preinstall 4
315 silly preinstall ejs@3.1.5 /home/chojh11c/Reading_book_app/readBook/node_modules/.staging/ejs-167ac67f
316 info lifecycle ejs@3.1.5~preinstall: ejs@3.1.5
317 silly preinstall node@15.4.0 /home/chojh11c/Reading_book_app/readBook/node_modules/.staging/node-16e16721
318 info lifecycle node@15.4.0~preinstall: node@15.4.0
319 silly preinstall nodemon@2.0.6 /home/chojh11c/Reading_book_app/readBook/node_modules/.staging/nodemon-3acdb98b
320 info lifecycle nodemon@2.0.6~preinstall: nodemon@2.0.6
321 silly preinstall python-shell@2.0.3 /home/chojh11c/Reading_book_app/readBook/node_modules/.staging/python-shell-4f66979b
322 info lifecycle python-shell@2.0.3~preinstall: python-shell@2.0.3
323 silly lifecycle ejs@3.1.5~preinstall: no script for preinstall, continuing
324 warn lifecycle node@15.4.0~preinstall: cannot run in wd %s %s (wd=%s) node@15.4.0 node installArchSpecificPackage /home/chojh11c/Reading_book_app/readBook/node_modules/.staging/node-16e16721
325 silly lifecycle nodemon@2.0.6~preinstall: no script for preinstall, continuing
326 silly lifecycle python-shell@2.0.3~preinstall: no script for preinstall, continuing
327 silly doReverseSerial remove 0
328 silly doSerial move 0
329 silly doSerial finalize 4
330 silly finalize /home/chojh11c/Reading_book_app/readBook/node_modules/ejs
331 silly finalize /home/chojh11c/Reading_book_app/readBook/node_modules/node
332 silly finalize /home/chojh11c/Reading_book_app/readBook/node_modules/nodemon
333 silly finalize /home/chojh11c/Reading_book_app/readBook/node_modules/python-shell
334 silly doSerial build 4
335 silly build ejs@3.1.5
336 info linkStuff ejs@3.1.5
337 silly linkStuff ejs@3.1.5 has /home/chojh11c/Reading_book_app/readBook/node_modules as its parent node_modules
338 verbose linkBins ejs@3.1.5
339 verbose link bins [ { ejs: 'bin/cli.js' },
339 verbose link bins   '/home/chojh11c/Reading_book_app/readBook/node_modules/.bin',
339 verbose link bins   false ]
340 verbose linkMans ejs@3.1.5
341 silly build node@15.4.0
342 info linkStuff node@15.4.0
343 silly linkStuff node@15.4.0 has /home/chojh11c/Reading_book_app/readBook/node_modules as its parent node_modules
344 verbose linkBins node@15.4.0
345 verbose link bins [ { node: 'bin/node' },
345 verbose link bins   '/home/chojh11c/Reading_book_app/readBook/node_modules/.bin',
345 verbose link bins   false ]
346 verbose linkMans node@15.4.0
347 verbose unlock done using /home/chojh11c/.npm/_locks/staging-cbeffb30d25d11da.lock for /home/chojh11c/Reading_book_app/readBook/node_modules/.staging
348 silly rollbackFailedOptional Starting
349 silly rollbackFailedOptional Finishing
350 silly runTopLevelLifecycles Starting
351 silly runTopLevelLifecycles Finishing
352 silly install printInstalled
353 warn back@1.0.0 No description
354 verbose stack Error: ENOENT: no such file or directory, chmod '/home/chojh11c/Reading_book_app/readBook/node_modules/node/bin/node'
355 verbose cwd /home/chojh11c/Reading_book_app/readBook
356 error Linux 5.4.0-1029-gcp
357 error argv "/usr/bin/node" "/usr/bin/npm" "install"
358 error node v8.10.0
359 error npm  v3.5.2
360 error path /home/chojh11c/Reading_book_app/readBook/node_modules/node/bin/node
361 error code ENOENT
362 error errno -2
363 error syscall chmod
364 error enoent ENOENT: no such file or directory, chmod '/home/chojh11c/Reading_book_app/readBook/node_modules/node/bin/node'
365 error enoent ENOENT: no such file or directory, chmod '/home/chojh11c/Reading_book_app/readBook/node_modules/node/bin/node'
365 error enoent This is most likely not a problem with npm itself
365 error enoent and is related to npm not being able to find a file.
366 verbose exit [ -2, true ]
